Arguments: 
  /usr/local/bin/node /opt/yarn-v1.22.19/bin/yarn.js dev

PATH: 
  /usr/local/sbin:/usr/local/bin:/usr/sbin:/usr/bin:/sbin:/bin

Yarn version: 
  1.22.19

Node version: 
  18.6.0

Platform: 
  linux x64

Trace: 
  SyntaxError: /www/package.json: Unexpected string in JSON at position 565
      at JSON.parse (<anonymous>)
      at /opt/yarn-v1.22.19/lib/cli.js:1629:59
      at Generator.next (<anonymous>)
      at step (/opt/yarn-v1.22.19/lib/cli.js:310:30)
      at /opt/yarn-v1.22.19/lib/cli.js:321:13

npm manifest: 
  {
    "name": "www.sqltestingframework.com",
    "version": "1.-.0",
    "description": "How to test SQL queries",
    "main": "dist/index.js",
    "scripts": {
      "dev": "vite",
      "build": "vite build",
      "serve": "vite preview"
    },
    "repository": {
      "type": "git",
      "url": "git+https://github.com/geocine/phaser3-rollup-typescript.git"
    },
    "author": "Mark Lorenz",
    "license": "MIT",
    "bugs": {
      "url": "https://github.com/geocine/phaser3-rollup-typescript/issues"
    },
    "homepage": "https://www.sqltestingframework.com",
    "devDependencies": {
    }
    "dependencies": {}
  }

yarn manifest: 
  No manifest

Lockfile: 
  # THIS IS AN AUTOGENERATED FILE. DO NOT EDIT THIS FILE DIRECTLY.
  # yarn lockfile v1
